[30Dec2024 19:49:45.949] [main/INFO] [cpw.mods.modlauncher.Launcher/MODLAUNCHER]: ModLauncher running: args [--launchTarget, forgeserver, --fml.neoForgeVersion, 21.1.92, --fml.fmlVersion, 4.0.34, --fml.mcVersion, 1.21.1, --fml.neoFormVersion, 20240808.144430]
[30Dec2024 19:49:45.953] [main/INFO] [cpw.mods.modlauncher.Launcher/MODLAUNCHER]: JVM identified as Ubuntu OpenJDK 64-Bit Server VM 21.0.5+11-Ubuntu-1ubuntu122.04
[30Dec2024 19:49:45.954] [main/INFO] [cpw.mods.modlauncher.Launcher/MODLAUNCHER]: ModLauncher 11.0.4+main.d2e20e43 starting: java version 21.0.5 by Ubuntu; OS Linux arch amd64 version 5.4.0-198-generic
[30Dec2024 19:49:45.994] [main/DEBUG] [cpw.mods.modlauncher.LaunchServiceHandler/MODLAUNCHER]: Found launch services [minecraft,forgeclient,forgedatauserdev,testharness,forgeserverdev,forgeserveruserdev,forgejunitdev,forgeclientdev,forgeclientuserdev,forgeserver,forgejunituserdev,forgedatadev]
[30Dec2024 19:49:46.026] [main/DEBUG] [cpw.mods.modlauncher.LaunchPluginHandler/MODLAUNCHER]: Found launch plugins: [mixin,slf4jfixer,runtime_enum_extender,accesstransformer,runtimedistcleaner]
[30Dec2024 19:49:46.039] [main/DEBUG] [cpw.mods.modlauncher.TransformationServicesHandler/MODLAUNCHER]: Discovering transformation services
[30Dec2024 19:49:46.047] [main/DEBUG] [net.neoforged.fml.loading.FMLPaths/CORE]: Path GAMEDIR is /root/MineCraftService1.21.1
[30Dec2024 19:49:46.047] [main/DEBUG] [net.neoforged.fml.loading.FMLPaths/CORE]: Path MODSDIR is /root/MineCraftService1.21.1/mods
[30Dec2024 19:49:46.047] [main/DEBUG] [net.neoforged.fml.loading.FMLPaths/CORE]: Path CONFIGDIR is /root/MineCraftService1.21.1/config
[30Dec2024 19:49:46.048] [main/DEBUG] [net.neoforged.fml.loading.FMLPaths/CORE]: Path FMLCONFIG is /root/MineCraftService1.21.1/config/fml.toml
[30Dec2024 19:49:46.082] [main/TRACE] [net.neoforged.fml.loading.FMLConfig/CORE]: Loaded FML config from /root/MineCraftService1.21.1/config/fml.toml
[30Dec2024 19:49:46.083] [main/TRACE] [net.neoforged.fml.loading.FMLConfig/CORE]: FMLConfig disableConfigWatcher is false
[30Dec2024 19:49:46.083] [main/TRACE] [net.neoforged.fml.loading.FMLConfig/CORE]: FMLConfig earlyWindowControl is true
[30Dec2024 19:49:46.083] [main/TRACE] [net.neoforged.fml.loading.FMLConfig/CORE]: FMLConfig maxThreads is 2
[30Dec2024 19:49:46.083] [main/TRACE] [net.neoforged.fml.loading.FMLConfig/CORE]: FMLConfig versionCheck is true
[30Dec2024 19:49:46.083] [main/TRACE] [net.neoforged.fml.loading.FMLConfig/CORE]: FMLConfig defaultConfigPath is defaultconfigs
[30Dec2024 19:49:46.083] [main/TRACE] [net.neoforged.fml.loading.FMLConfig/CORE]: FMLConfig disableOptimizedDFU is true
[30Dec2024 19:49:46.083] [main/TRACE] [net.neoforged.fml.loading.FMLConfig/CORE]: FMLConfig earlyWindowProvider is fmlearlywindow
[30Dec2024 19:49:46.083] [main/TRACE] [net.neoforged.fml.loading.FMLConfig/CORE]: FMLConfig earlyWindowWidth is 854
[30Dec2024 19:49:46.083] [main/TRACE] [net.neoforged.fml.loading.FMLConfig/CORE]: FMLConfig earlyWindowHeight is 480
[30Dec2024 19:49:46.084] [main/TRACE] [net.neoforged.fml.loading.FMLConfig/CORE]: FMLConfig earlyWindowFBScale is 1
[30Dec2024 19:49:46.084] [main/TRACE] [net.neoforged.fml.loading.FMLConfig/CORE]: FMLConfig earlyWindowMaximized is false
[30Dec2024 19:49:46.084] [main/TRACE] [net.neoforged.fml.loading.FMLConfig/CORE]: FMLConfig earlyWindowSkipGLVersions is []
[30Dec2024 19:49:46.084] [main/TRACE] [net.neoforged.fml.loading.FMLConfig/CORE]: FMLConfig earlyWindowSquir is false
[30Dec2024 19:49:46.088] [main/DEBUG] [cpw.mods.modlauncher.TransformationServicesHandler/MODLAUNCHER]: Found additional transformation services from discovery services: 
[30Dec2024 19:49:46.104] [main/INFO] [net.neoforged.fml.loading.ImmediateWindowHandler/]: ImmediateWindowProvider not loading because launch target is forgeserver
[30Dec2024 19:49:46.113] [main/DEBUG] [cpw.mods.modlauncher.TransformationServicesHandler/MODLAUNCHER]: Found transformer services : [mixin,fml]
[30Dec2024 19:49:46.114] [main/DEBUG] [cpw.mods.modlauncher.TransformationServicesHandler/MODLAUNCHER]: Transformation services loading
[30Dec2024 19:49:46.114] [main/DEBUG] [cpw.mods.modlauncher.TransformationServiceDecorator/MODLAUNCHER]: Loading service mixin
[30Dec2024 19:49:46.115] [main/DEBUG] [cpw.mods.modlauncher.TransformationServiceDecorator/MODLAUNCHER]: Loaded service mixin
[30Dec2024 19:49:46.115] [main/DEBUG] [cpw.mods.modlauncher.TransformationServiceDecorator/MODLAUNCHER]: Loading service fml
[30Dec2024 19:49:46.116] [main/DEBUG] [net.neoforged.fml.loading.FMLLoader/CORE]: FML 4.0.34 loading
[30Dec2024 19:49:46.116] [main/DEBUG] [net.neoforged.fml.loading.FMLLoader/CORE]: FML found ModLauncher version : 11.0.4+main.d2e20e43
[30Dec2024 19:49:46.117] [main/DEBUG] [net.neoforged.fml.loading.FMLLoader/CORE]: FML found AccessTransformer version : 10.0.1+139da711
[30Dec2024 19:49:46.118] [main/DEBUG] [net.neoforged.fml.loading.FMLLoader/CORE]: FML found EventBus version : null
[30Dec2024 19:49:46.118] [main/DEBUG] [net.neoforged.fml.loading.FMLLoader/CORE]: Found Runtime Dist Cleaner
[30Dec2024 19:49:46.118] [main/DEBUG] [cpw.mods.modlauncher.TransformationServiceDecorator/MODLAUNCHER]: Loaded service fml
[30Dec2024 19:49:46.119] [main/DEBUG] [cpw.mods.modlauncher.TransformationServicesHandler/MODLAUNCHER]: Configuring option handling for services
[30Dec2024 19:49:46.143] [main/DEBUG] [net.neoforged.fml.loading.FMLServiceProvider/CORE]: Received command line version data  : VersionInfo[neoForgeVersion=21.1.92, fmlVersion=4.0.34, mcVersion=1.21.1, neoFormVersion=20240808.144430]
[30Dec2024 19:49:46.143] [main/DEBUG] [cpw.mods.modlauncher.TransformationServicesHandler/MODLAUNCHER]: Transformation services initializing
[30Dec2024 19:49:46.144] [main/DEBUG] [cpw.mods.modlauncher.TransformationServiceDecorator/MODLAUNCHER]: Initializing transformation service mixin
[30Dec2024 19:49:46.164] [main/DEBUG] [mixin/]: MixinService [ModLauncher] was successfully booted in cpw.mods.cl.ModuleClassLoader@42eca56e
[30Dec2024 19:49:46.182] [main/INFO] [mixin/]: SpongePowered MIXIN Subsystem Version=0.8.7 Source=union:/root/MineCraftService1.21.1/libraries/net/fabricmc/sponge-mixin/0.15.2+mixin.0.8.7/sponge-mixin-0.15.2+mixin.0.8.7.jar%2375!/ Service=ModLauncher Env=SERVER
[30Dec2024 19:49:46.186] [main/DEBUG] [mixin/]: Initialising Mixin Platform Manager
[30Dec2024 19:49:46.186] [main/DEBUG] [mixin/]: Adding mixin platform agents for container ModLauncher Root Container(ModLauncher:4f56a0a2)
[30Dec2024 19:49:46.187] [main/DEBUG] [mixin/]: Instancing new MixinPlatformAgentMinecraftForge for ModLauncher Root Container(ModLauncher:4f56a0a2)
[30Dec2024 19:49:46.188] [main/DEBUG] [mixin/]: MixinPlatformAgentMinecraftForge rejected container ModLauncher Root Container(ModLauncher:4f56a0a2)
[30Dec2024 19:49:46.188] [main/DEBUG] [mixin/]: Instancing new MixinPlatformAgentDefault for ModLauncher Root Container(ModLauncher:4f56a0a2)
[30Dec2024 19:49:46.189] [main/DEBUG] [mixin/]: MixinPlatformAgentDefault accepted container ModLauncher Root Container(ModLauncher:4f56a0a2)
[30Dec2024 19:49:46.191] [main/DEBUG] [cpw.mods.modlauncher.TransformationServiceDecorator/MODLAUNCHER]: Initialized transformation service mixin
[30Dec2024 19:49:46.191] [main/DEBUG] [cpw.mods.modlauncher.TransformationServiceDecorator/MODLAUNCHER]: Initializing transformation service fml
[30Dec2024 19:49:46.191] [main/DEBUG] [net.neoforged.fml.loading.FMLServiceProvider/CORE]: Setting up basic FML game directories
[30Dec2024 19:49:46.192] [main/DEBUG] [net.neoforged.fml.loading.FMLPaths/CORE]: Path GAMEDIR is /root/MineCraftService1.21.1
[30Dec2024 19:49:46.192] [main/DEBUG] [net.neoforged.fml.loading.FMLPaths/CORE]: Path MODSDIR is /root/MineCraftService1.21.1/mods
[30Dec2024 19:49:46.192] [main/DEBUG] [net.neoforged.fml.loading.FMLPaths/CORE]: Path CONFIGDIR is /root/MineCraftService1.21.1/config
[30Dec2024 19:49:46.192] [main/DEBUG] [net.neoforged.fml.loading.FMLPaths/CORE]: Path FMLCONFIG is /root/MineCraftService1.21.1/config/fml.toml
[30Dec2024 19:49:46.192] [main/DEBUG] [net.neoforged.fml.loading.FMLServiceProvider/CORE]: Loading configuration
[30Dec2024 19:49:46.206] [main/TRACE] [net.neoforged.fml.loading.FMLConfig/CORE]: Loaded FML config from /root/MineCraftService1.21.1/config/fml.toml
[30Dec2024 19:49:46.207] [main/TRACE] [net.neoforged.fml.loading.FMLConfig/CORE]: FMLConfig disableConfigWatcher is false
[30Dec2024 19:49:46.207] [main/TRACE] [net.neoforged.fml.loading.FMLConfig/CORE]: FMLConfig earlyWindowControl is true
[30Dec2024 19:49:46.207] [main/TRACE] [net.neoforged.fml.loading.FMLConfig/CORE]: FMLConfig maxThreads is 2
[30Dec2024 19:49:46.207] [main/TRACE] [net.neoforged.fml.loading.FMLConfig/CORE]: FMLConfig versionCheck is true
[30Dec2024 19:49:46.207] [main/TRACE] [net.neoforged.fml.loading.FMLConfig/CORE]: FMLConfig defaultConfigPath is defaultconfigs
[30Dec2024 19:49:46.207] [main/TRACE] [net.neoforged.fml.loading.FMLConfig/CORE]: FMLConfig disableOptimizedDFU is true
[30Dec2024 19:49:46.207] [main/TRACE] [net.neoforged.fml.loading.FMLConfig/CORE]: FMLConfig earlyWindowProvider is fmlearlywindow
[30Dec2024 19:49:46.207] [main/TRACE] [net.neoforged.fml.loading.FMLConfig/CORE]: FMLConfig earlyWindowWidth is 854
[30Dec2024 19:49:46.208] [main/TRACE] [net.neoforged.fml.loading.FMLConfig/CORE]: FMLConfig earlyWindowHeight is 480
[30Dec2024 19:49:46.208] [main/TRACE] [net.neoforged.fml.loading.FMLConfig/CORE]: FMLConfig earlyWindowFBScale is 1
[30Dec2024 19:49:46.208] [main/TRACE] [net.neoforged.fml.loading.FMLConfig/CORE]: FMLConfig earlyWindowMaximized is false
[30Dec2024 19:49:46.208] [main/TRACE] [net.neoforged.fml.loading.FMLConfig/CORE]: FMLConfig earlyWindowSkipGLVersions is []
[30Dec2024 19:49:46.208] [main/TRACE] [net.neoforged.fml.loading.FMLConfig/CORE]: FMLConfig earlyWindowSquir is false
[30Dec2024 19:49:46.210] [main/DEBUG] [net.neoforged.fml.loading.LaunchContext/SCAN]: Located paths when launch context was created: [/root/MineCraftService1.21.1/libraries/net/neoforged/JarJarMetadata/0.4.1/JarJarMetadata-0.4.1.jar, /root/MineCraftService1.21.1/libraries/org/apache/logging/log4j/log4j-api/2.22.1/log4j-api-2.22.1.jar, /root/MineCraftService1.21.1/libraries/net/minecraft/server/1.21.1-20240808.144430/server-1.21.1-20240808.144430-extra.jar, /root/MineCraftService1.21.1/libraries/io/netty/netty-transport-native-unix-common/4.1.97.Final/netty-transport-native-unix-common-4.1.97.Final.jar, /root/MineCraftService1.21.1/libraries/net/sf/jopt-simple/jopt-simple/5.0.4/jopt-simple-5.0.4.jar, /root/MineCraftService1.21.1/libraries/io/netty/netty-buffer/4.1.97.Final/netty-buffer-4.1.97.Final.jar, /root/MineCraftService1.21.1/libraries/com/electronwill/night-config/core/3.8.0/core-3.8.0.jar, /root/MineCraftService1.21.1/libraries/io/netty/netty-transport-native-epoll/4.1.97.Final/netty-transport-native-epoll-4.1.97.Final-linux-x86_64.jar, /root/MineCraftService1.21.1/libraries/org/joml/joml/1.10.5/joml-1.10.5.jar, /root/MineCraftService1.21.1/libraries/net/java/dev/jna/jna-platform/5.14.0/jna-platform-5.14.0.jar, /root/MineCraftService1.21.1/libraries/org/codehaus/plexus/plexus-utils/3.3.0/plexus-utils-3.3.0.jar, /root/MineCraftService1.21.1/libraries/org/apache/logging/log4j/log4j-core/2.22.1/log4j-core-2.22.1.jar, /root/MineCraftService1.21.1/libraries/com/google/guava/failureaccess/1.0.1/failureaccess-1.0.1.jar, /root/MineCraftService1.21.1/libraries/io/netty/netty-codec/4.1.97.Final/netty-codec-4.1.97.Final.jar, /root/MineCraftService1.21.1/libraries/it/unimi/dsi/fastutil/8.5.12/fastutil-8.5.12.jar, /root/MineCraftService1.21.1/libraries/io/netty/netty-transport/4.1.97.Final/netty-transport-4.1.97.Final.jar, /root/MineCraftService1.21.1/libraries/net/fabricmc/sponge-mixin/0.15.2+mixin.0.8.7/sponge-mixin-0.15.2+mixin.0.8.7.jar, /root/MineCraftService1.21.1/libraries/org/slf4j/slf4j-api/2.0.9/slf4j-api-2.0.9.jar, /root/MineCraftService1.21.1/libraries/net/neoforged/fancymodloader/loader/4.0.34/loader-4.0.34.jar, /root/MineCraftService1.21.1/libraries/com/google/j2objc/j2objc-annotations/2.8/j2objc-annotations-2.8.jar, /root/MineCraftService1.21.1/libraries/com/mojang/brigadier/1.3.10/brigadier-1.3.10.jar, /root/MineCraftService1.21.1/libraries/net/java/dev/jna/jna/5.14.0/jna-5.14.0.jar, /root/MineCraftService1.21.1/libraries/com/mojang/authlib/6.0.54/authlib-6.0.54.jar, /root/MineCraftService1.21.1/libraries/io/netty/netty-transport-classes-epoll/4.1.97.Final/netty-transport-classes-epoll-4.1.97.Final.jar, /root/MineCraftService1.21.1/libraries/net/neoforged/JarJarSelector/0.4.1/JarJarSelector-0.4.1.jar, /root/MineCraftService1.21.1/libraries/com/google/guava/listenablefuture/9999.0-empty-to-avoid-conflict-with-guava/listenablefuture-9999.0-empty-to-avoid-conflict-with-guava.jar, /root/MineCraftService1.21.1/libraries/com/google/code/findbugs/jsr305/3.0.2/jsr305-3.0.2.jar, /root/MineCraftService1.21.1/libraries/net/neoforged/accesstransformers/10.0.1/accesstransformers-10.0.1.jar, /root/MineCraftService1.21.1/libraries/org/antlr/antlr4-runtime/4.13.1/antlr4-runtime-4.13.1.jar, /root/MineCraftService1.21.1/libraries/org/apache/commons/commons-lang3/3.14.0/commons-lang3-3.14.0.jar, /root/MineCraftService1.21.1/libraries/org/jline/jline-terminal/3.20.0/jline-terminal-3.20.0.jar, /root/MineCraftService1.21.1/libraries/org/apache/maven/maven-artifact/3.8.5/maven-artifact-3.8.5.jar, /root/MineCraftService1.21.1/libraries/com/google/code/gson/gson/2.10.1/gson-2.10.1.jar, /root/MineCraftService1.21.1/libraries/com/mojang/datafixerupper/8.0.16/datafixerupper-8.0.16.jar, /root/MineCraftService1.21.1/libraries/io/netty/netty-transport-native-epoll/4.1.97.Final/netty-transport-native-epoll-4.1.97.Final-linux-aarch_64.jar, /root/MineCraftService1.21.1/libraries/com/google/guava/guava/32.1.2-jre/guava-32.1.2-jre.jar, /root/MineCraftService1.21.1/libraries/net/minecrell/terminalconsoleappender/1.3.0/terminalconsoleappender-1.3.0.jar, /root/MineCraftService1.21.1/libraries/cpw/mods/modlauncher/11.0.4/modlauncher-11.0.4.jar, /root/MineCraftService1.21.1/libraries/com/machinezoo/noexception/noexception/1.7.1/noexception-1.7.1.jar, /root/MineCraftService1.21.1/libraries/net/neoforged/accesstransformers/at-modlauncher/10.0.1/at-modlauncher-10.0.1.jar, /root/MineCraftService1.21.1/libraries/net/jodah/typetools/0.6.3/typetools-0.6.3.jar, /root/MineCraftService1.21.1/libraries/org/lz4/lz4-java/1.8.0/lz4-java-1.8.0.jar, /root/MineCraftService1.21.1/libraries/com/electronwill/night-config/toml/3.8.0/toml-3.8.0.jar, /root/MineCraftService1.21.1/libraries/org/apache/logging/log4j/log4j-slf4j2-impl/2.22.1/log4j-slf4j2-impl-2.22.1.jar, /root/MineCraftService1.21.1/libraries/com/google/errorprone/error_prone_annotations/2.18.0/error_prone_annotations-2.18.0.jar, /root/MineCraftService1.21.1/libraries/net/neoforged/mergetool/2.0.3/mergetool-2.0.3-api.jar, /root/MineCraftService1.21.1/libraries/org/jline/jline-reader/3.20.0/jline-reader-3.20.0.jar, /root/MineCraftService1.21.1/libraries/commons-io/commons-io/2.15.1/commons-io-2.15.1.jar, /root/MineCraftService1.21.1/libraries/io/netty/netty-common/4.1.97.Final/netty-common-4.1.97.Final.jar, /root/MineCraftService1.21.1/libraries/org/checkerframework/checker-qual/3.33.0/checker-qual-3.33.0.jar, /root/MineCraftService1.21.1/libraries/io/netty/netty-handler/4.1.97.Final/netty-handler-4.1.97.Final.jar, /root/MineCraftService1.21.1/libraries/net/minecraftforge/srgutils/0.4.15/srgutils-0.4.15.jar, /root/MineCraftService1.21.1/libraries/com/github/oshi/oshi-core/6.4.10/oshi-core-6.4.10.jar, /root/MineCraftService1.21.1/libraries/org/openjdk/nashorn/nashorn-core/15.4/nashorn-core-15.4.jar, /root/MineCraftService1.21.1/libraries/net/neoforged/fancymodloader/earlydisplay/4.0.34/earlydisplay-4.0.34.jar, /root/MineCraftService1.21.1/libraries/net/neoforged/coremods/7.0.3/coremods-7.0.3.jar, /root/MineCraftService1.21.1/libraries/io/netty/netty-resolver/4.1.97.Final/netty-resolver-4.1.97.Final.jar, /root/MineCraftService1.21.1/libraries/com/mojang/logging/1.2.7/logging-1.2.7.jar, /root/MineCraftService1.21.1/libraries/net/neoforged/bus/8.0.2/bus-8.0.2.jar]
[30Dec2024 19:49:46.211] [main/DEBUG] [net.neoforged.fml.loading.FMLServiceProvider/CORE]: Preparing launch handler
[30Dec2024 19:49:46.211] [main/DEBUG] [net.neoforged.fml.loading.FMLLoader/CORE]: Using forgeserver as launch service
[30Dec2024 19:49:46.212] [main/DEBUG] [net.neoforged.fml.common.asm.RuntimeDistCleaner/DISTXFORM]: Configuring for Dist DEDICATED_SERVER
[30Dec2024 19:49:46.214] [main/DEBUG] [cpw.mods.modlauncher.TransformationServiceDecorator/MODLAUNCHER]: Initialized transformation service fml
[30Dec2024 19:49:46.214] [main/DEBUG] [cpw.mods.modlauncher.TransformationServicesHandler/MODLAUNCHER]: Transformation services begin scanning
[30Dec2024 19:49:46.215] [main/DEBUG] [cpw.mods.modlauncher.TransformationServiceDecorator/MODLAUNCHER]: Beginning scan trigger - transformation service mixin
[30Dec2024 19:49:46.215] [main/DEBUG] [cpw.mods.modlauncher.TransformationServiceDecorator/MODLAUNCHER]: End scan trigger - transformation service mixin
[30Dec2024 19:49:46.215] [main/DEBUG] [cpw.mods.modlauncher.TransformationServiceDecorator/MODLAUNCHER]: Beginning scan trigger - transformation service fml
[30Dec2024 19:49:46.215] [main/DEBUG] [net.neoforged.fml.loading.FMLServiceProvider/CORE]: Initiating mod scan
[30Dec2024 19:49:46.243] [main/DEBUG] [net.neoforged.fml.util.ServiceLoaderUtil/CORE]: Found 4 implementations of IModFileCandidateLocator:
[30Dec2024 19:49:46.244] [main/DEBUG] [net.neoforged.fml.util.ServiceLoaderUtil/CORE]: 	    1000 - [built-in] net.neoforged.fml.loading.moddiscovery.locators.ProductionServerProvider from loader-4.0.34.jar
[30Dec2024 19:49:46.249] [main/DEBUG] [net.neoforged.fml.util.ServiceLoaderUtil/CORE]: 	    1000 - [built-in] net.neoforged.fml.loading.moddiscovery.locators.PathBasedLocator from loader-4.0.34.jar
[30Dec2024 19:49:46.250] [main/DEBUG] [net.neoforged.fml.util.ServiceLoaderUtil/CORE]: 	       0 - net.neoforged.fml.loading.moddiscovery.locators.ModsFolderLocator from loader-4.0.34.jar
[30Dec2024 19:49:46.250] [main/DEBUG] [net.neoforged.fml.util.ServiceLoaderUtil/CORE]: 	       0 - net.neoforged.fml.loading.moddiscovery.locators.MavenDirectoryLocator from loader-4.0.34.jar
[30Dec2024 19:49:46.252] [main/DEBUG] [net.neoforged.fml.util.ServiceLoaderUtil/CORE]: Found 2 implementations of IModFileReader:
[30Dec2024 19:49:46.252] [main/DEBUG] [net.neoforged.fml.util.ServiceLoaderUtil/CORE]: 	       0 - net.neoforged.fml.loading.moddiscovery.readers.JarModsDotTomlModFileReader from loader-4.0.34.jar
[30Dec2024 19:49:46.254] [main/DEBUG] [net.neoforged.fml.util.ServiceLoaderUtil/CORE]: 	   -1000 - net.neoforged.fml.loading.moddiscovery.readers.NestedLibraryModReader from loader-4.0.34.jar
[30Dec2024 19:49:46.256] [main/DEBUG] [net.neoforged.fml.util.ServiceLoaderUtil/CORE]: Found 1 implementations of IDependencyLocator:
[30Dec2024 19:49:46.257] [main/DEBUG] [net.neoforged.fml.util.ServiceLoaderUtil/CORE]: 	       0 - net.neoforged.fml.loading.moddiscovery.locators.JarInJarDependencyLocator from loader-4.0.34.jar
[30Dec2024 19:49:46.257] [main/DEBUG] [net.neoforged.fml.loading.moddiscovery.ModDiscoverer/SCAN]: Scanning for mods and other resources to load. We know 4 ways to find mods
[30Dec2024 19:49:46.257] [main/DEBUG] [net.neoforged.fml.loading.moddiscovery.ModDiscoverer/SCAN]: Trying locator production server provider +net.neoforged:neoforge:21.1.92:server
[30Dec2024 19:49:46.401] [main/DEBUG] [net.neoforged.fml.loading.moddiscovery.ModFileInfo/LOADING]: Found valid mod file server-1.21.1-20240808.144430-srg.jar with {minecraft} mods - versions {1.21.1}
[30Dec2024 19:49:46.401] [main/INFO] [net.neoforged.fml.loading.moddiscovery.ModDiscoverer/SCAN]: Found mod file "server-1.21.1-20240808.144430-srg.jar" [locator: production server provider +net.neoforged:neoforge:21.1.92:server]
[30Dec2024 19:49:46.402] [main/DEBUG] [net.neoforged.fml.loading.moddiscovery.ModDiscoverer/SCAN]: Locator production server provider +net.neoforged:neoforge:21.1.92:server found 1 mods, 0 warnings, 0 errors and skipped 0 candidates
[30Dec2024 19:49:46.403] [main/DEBUG] [net.neoforged.fml.loading.moddiscovery.ModDiscoverer/SCAN]: Trying locator PathBasedLocator[name=neoforge, paths=[libraries/net/neoforged/neoforge/21.1.92/neoforge-21.1.92-universal.jar]]
[30Dec2024 19:49:46.407] [main/DEBUG] [net.neoforged.fml.loading.moddiscovery.readers.JarModsDotTomlModFileReader/SCAN]: Found META-INF/neoforge.mods.toml mod of type null: /root/MineCraftService1.21.1/libraries/net/neoforged/neoforge/21.1.92/neoforge-21.1.92-universal.jar
[30Dec2024 19:49:46.408] [main/DEBUG] [net.neoforged.fml.loading.moddiscovery.ModFileParser/LOADING]: Considering mod file candidate /root/MineCraftService1.21.1/libraries/net/neoforged/neoforge/21.1.92/neoforge-21.1.92-universal.jar
[30Dec2024 19:49:46.426] [main/DEBUG] [net.neoforged.fml.loading.moddiscovery.ModFileInfo/LOADING]: Found valid mod file neoforge-21.1.92-universal.jar with {neoforge} mods - versions {21.1.92}
[30Dec2024 19:49:46.426] [main/INFO] [net.neoforged.fml.loading.moddiscovery.ModDiscoverer/SCAN]: Found mod file "neoforge-21.1.92-universal.jar" [locator: PathBasedLocator[name=neoforge, paths=[libraries/net/neoforged/neoforge/21.1.92/neoforge-21.1.92-universal.jar]], reader: mod manifest]
[30Dec2024 19:49:46.427] [main/DEBUG] [net.neoforged.fml.loading.moddiscovery.ModDiscoverer/SCAN]: Locator PathBasedLocator[name=neoforge, paths=[libraries/net/neoforged/neoforge/21.1.92/neoforge-21.1.92-universal.jar]] found 1 mods, 0 warnings, 0 errors and skipped 0 candidates
[30Dec2024 19:49:46.427] [main/DEBUG] [net.neoforged.fml.loading.moddiscovery.ModDiscoverer/SCAN]: Trying locator {mods folder locator at /root/MineCraftService1.21.1/mods}
[30Dec2024 19:49:46.427] [main/DEBUG] [net.neoforged.fml.loading.moddiscovery.locators.ModsFolderLocator/SCAN]: Scanning mods dir /root/MineCraftService1.21.1/mods for mods
[30Dec2024 19:49:46.429] [main/DEBUG] [net.neoforged.fml.loading.moddiscovery.ModDiscoverer/SCAN]: Locator {mods folder locator at /root/MineCraftService1.21.1/mods} found 0 mods, 0 warnings, 0 errors and skipped 0 candidates
[30Dec2024 19:49:46.429] [main/DEBUG] [net.neoforged.fml.loading.moddiscovery.ModDiscoverer/SCAN]: Trying locator maven libs
[30Dec2024 19:49:46.432] [main/DEBUG] [net.neoforged.fml.loading.moddiscovery.ModListHandler/CORE]: Found mod coordinates from lists: []
[30Dec2024 19:49:46.433] [main/DEBUG] [net.neoforged.fml.loading.moddiscovery.ModDiscoverer/SCAN]: Locator maven libs found 0 mods, 0 warnings, 0 errors and skipped 0 candidates
[30Dec2024 19:49:46.440] [main/DEBUG] [net.neoforged.fml.loading.moddiscovery.ModDiscoverer/SCAN]: Successfully Loaded 2 mods. Attempting to load dependencies...
[30Dec2024 19:49:46.440] [main/DEBUG] [net.neoforged.fml.loading.moddiscovery.ModDiscoverer/SCAN]: Trying locator jarinjar
[30Dec2024 19:49:46.444] [main/TRACE] [net.neoforged.fml.loading.moddiscovery.locators.JarInJarDependencyLocator/]: Failed to load resource META-INF/jarjar/metadata.json from server-1.21.1-20240808.144430-srg.jar, it does not contain dependency information.
[30Dec2024 19:49:46.514] [main/DEBUG] [net.neoforged.fml.loading.moddiscovery.readers.JarModsDotTomlModFileReader/SCAN]: Found META-INF/MANIFEST.MF mod of type GAMELIBRARY: 
[30Dec2024 19:49:46.518] [main/DEBUG] [net.neoforged.fml.loading.moddiscovery.readers.JarModsDotTomlModFileReader/SCAN]: Found META-INF/MANIFEST.MF mod of type LIBRARY: 
[30Dec2024 19:49:46.519] [main/TRACE] [net.neoforged.fml.loading.moddiscovery.locators.JarInJarDependencyLocator/]: Failed to load resource META-INF/jarjar/metadata.json from mixinextras-neoforge-0.4.1.jar, it does not contain dependency information.
[30Dec2024 19:49:46.519] [main/TRACE] [net.neoforged.fml.loading.moddiscovery.locators.JarInJarDependencyLocator/]: Failed to load resource META-INF/jarjar/metadata.json from neoforge-coremods-21.1.92.jar, it does not contain dependency information.
[30Dec2024 19:49:46.552] [main/DEBUG] [net.neoforged.fml.loading.moddiscovery.readers.JarModsDotTomlModFileReader/SCAN]: Found META-INF/MANIFEST.MF mod of type LIBRARY: 
[30Dec2024 19:49:46.556] [main/DEBUG] [net.neoforged.fml.loading.moddiscovery.readers.JarModsDotTomlModFileReader/SCAN]: Found META-INF/MANIFEST.MF mod of type GAMELIBRARY: 
[30Dec2024 19:49:46.559] [main/INFO] [net.neoforged.fml.loading.moddiscovery.locators.JarInJarDependencyLocator/]: Found 2 dependencies adding them to mods collection
[30Dec2024 19:49:46.559] [main/INFO] [net.neoforged.fml.loading.moddiscovery.ModDiscoverer/SCAN]: Found gamelibrary file "mixinextras-neoforge-0.4.1.jar" [parent: neoforge-21.1.92-universal.jar, locator: jarinjar, reader: mod manifest]
[30Dec2024 19:49:46.560] [main/INFO] [net.neoforged.fml.loading.moddiscovery.ModDiscoverer/SCAN]: Found library file "neoforge-coremods-21.1.92.jar" [parent: neoforge-21.1.92-universal.jar, locator: jarinjar, reader: mod manifest]
[30Dec2024 19:49:46.562] [main/INFO] [net.neoforged.fml.loading.moddiscovery.ModDiscoverer/]: 
     Mod List:
		Name Version (Mod Id)

		Minecraft 1.21.1 (minecraft)
		NeoForge 21.1.92 (neoforge)
[30Dec2024 19:49:46.564] [main/DEBUG] [net.neoforged.fml.loading.moddiscovery.ModFileInfo/LOADING]: Found valid mod file server-1.21.1-20240808.144430-srg.jar with {minecraft} mods - versions {1.21.1}
[30Dec2024 19:49:46.565] [main/DEBUG] [net.neoforged.fml.loading.moddiscovery.ModFile/LOADING]: Loading mod file /root/MineCraftService1.21.1/libraries/net/minecraft/server/1.21.1-20240808.144430/server-1.21.1-20240808.144430-srg.jar with languages [LanguageSpec[languageName=minecraft, acceptedVersions=1]]
[30Dec2024 19:49:46.567] [main/DEBUG] [net.neoforged.fml.loading.moddiscovery.ModFileParser/LOADING]: Considering mod file candidate /root/MineCraftService1.21.1/libraries/net/neoforged/neoforge/21.1.92/neoforge-21.1.92-universal.jar
[30Dec2024 19:49:46.569] [main/DEBUG] [net.neoforged.fml.loading.moddiscovery.ModFileInfo/LOADING]: Found valid mod file neoforge-21.1.92-universal.jar with {neoforge} mods - versions {21.1.92}
[30Dec2024 19:49:46.569] [main/DEBUG] [net.neoforged.fml.loading.moddiscovery.ModFile/LOADING]: Loading mod file /root/MineCraftService1.21.1/libraries/net/neoforged/neoforge/21.1.92/neoforge-21.1.92-universal.jar with languages [LanguageSpec[languageName=javafml, acceptedVersions=[3,]]]
[30Dec2024 19:49:46.570] [main/DEBUG] [net.neoforged.fml.loading.moddiscovery.ModFile/LOADING]: Found mixin config neoforge.mixins.json
[30Dec2024 19:49:46.571] [main/DEBUG] [net.neoforged.fml.loading.moddiscovery.ModFile/LOADING]: Loading mod file  with languages []
[30Dec2024 19:49:46.572] [main/DEBUG] [net.neoforged.fml.loading.moddiscovery.ModValidator/SCAN]: Found 3 mod files with 2 mods
[30Dec2024 19:49:46.573] [main/DEBUG] [cpw.mods.modlauncher.TransformationServiceDecorator/MODLAUNCHER]: End scan trigger - transformation service fml
[30Dec2024 19:49:46.589] [main/DEBUG] [net.neoforged.fml.util.ServiceLoaderUtil/CORE]: Found 3 implementations of IModLanguageLoader:
[30Dec2024 19:49:46.589] [main/DEBUG] [net.neoforged.fml.util.ServiceLoaderUtil/CORE]: 	net.neoforged.fml.javafmlmod.FMLJavaModLanguageProvider from loader-4.0.34.jar
[30Dec2024 19:49:46.589] [main/DEBUG] [net.neoforged.fml.util.ServiceLoaderUtil/CORE]: 	net.neoforged.fml.lowcodemod.LowCodeModLanguageProvider from loader-4.0.34.jar
[30Dec2024 19:49:46.589] [main/DEBUG] [net.neoforged.fml.util.ServiceLoaderUtil/CORE]: 	net.neoforged.fml.mclanguageprovider.MinecraftModLanguageProvider from loader-4.0.34.jar
[30Dec2024 19:49:46.590] [main/DEBUG] [net.neoforged.fml.loading.LanguageProviderLoader/CORE]: Found language provider javafml, version 4.0.34
[30Dec2024 19:49:46.591] [main/DEBUG] [net.neoforged.fml.loading.LanguageProviderLoader/CORE]: Found language provider lowcodefml, version 4.0.34
[30Dec2024 19:49:46.592] [main/DEBUG] [net.neoforged.fml.loading.LanguageProviderLoader/CORE]: Found language provider minecraft, version 4.0.34
[30Dec2024 19:49:46.599] [main/DEBUG] [net.neoforged.fml.loading.ModSorter/]: Configured system mods: [minecraft, neoforge]
[30Dec2024 19:49:46.599] [main/DEBUG] [net.neoforged.fml.loading.ModSorter/]: Found system mod: minecraft
[30Dec2024 19:49:46.599] [main/DEBUG] [net.neoforged.fml.loading.ModSorter/]: Found system mod: neoforge
[30Dec2024 19:49:46.626] [main/DEBUG] [net.neoforged.fml.loading.ModSorter/LOADING]: Found 0 mod requirements (0 mandatory, 0 optional)
[30Dec2024 19:49:46.627] [main/DEBUG] [net.neoforged.fml.loading.ModSorter/LOADING]: Found 0 mod requirements missing (0 mandatory, 0 optional)
[30Dec2024 19:49:46.651] [main/DEBUG] [net.neoforged.fml.loading.FMLLoader/SCAN]: Adding Access Transformer in /root/MineCraftService1.21.1/libraries/net/neoforged/neoforge/21.1.92/neoforge-21.1.92-universal.jar
[30Dec2024 19:49:46.659] [main/DEBUG] [AXFORM/AXFORM]: Loading access transformer accesstransformer.cfg
[30Dec2024 19:49:46.867] [main/DEBUG] [AXFORM/AXFORM]: Loaded access transformer accesstransformer.cfg
[30Dec2024 19:49:46.914] [main/DEBUG] [mixin/]: Adding mixin platform agents for container net.neoforged.fml.loading.mixin.FMLMixinContainerHandle@6ef81f31
[30Dec2024 19:49:46.915] [main/DEBUG] [mixin/]: Instancing new MixinPlatformAgentMinecraftForge for net.neoforged.fml.loading.mixin.FMLMixinContainerHandle@6ef81f31
[30Dec2024 19:49:46.915] [main/DEBUG] [mixin/]: MixinPlatformAgentMinecraftForge rejected container net.neoforged.fml.loading.mixin.FMLMixinContainerHandle@6ef81f31
[30Dec2024 19:49:46.915] [main/DEBUG] [mixin/]: Instancing new MixinPlatformAgentDefault for net.neoforged.fml.loading.mixin.FMLMixinContainerHandle@6ef81f31
[30Dec2024 19:49:46.915] [main/DEBUG] [mixin/]: MixinPlatformAgentDefault accepted container net.neoforged.fml.loading.mixin.FMLMixinContainerHandle@6ef81f31
[30Dec2024 19:49:46.915] [main/DEBUG] [mixin/]: Instancing new FMLMixinPlatformAgent for net.neoforged.fml.loading.mixin.FMLMixinContainerHandle@6ef81f31
[30Dec2024 19:49:46.916] [main/DEBUG] [mixin/]: FMLMixinPlatformAgent accepted container net.neoforged.fml.loading.mixin.FMLMixinContainerHandle@6ef81f31
[30Dec2024 19:49:46.983] [main/DEBUG] [cpw.mods.modlauncher.TransformationServicesHandler/MODLAUNCHER]: Transformation services loading transformers
[30Dec2024 19:49:46.984] [main/DEBUG] [cpw.mods.modlauncher.TransformationServiceDecorator/MODLAUNCHER]: Initializing transformers for transformation service mixin
[30Dec2024 19:49:46.985] [main/DEBUG] [cpw.mods.modlauncher.TransformationServiceDecorator/MODLAUNCHER]: Initialized transformers for transformation service mixin
[30Dec2024 19:49:46.985] [main/DEBUG] [cpw.mods.modlauncher.TransformationServiceDecorator/MODLAUNCHER]: Initializing transformers for transformation service fml
[30Dec2024 19:49:46.985] [main/DEBUG] [net.neoforged.fml.loading.FMLServiceProvider/LOADING]: Loading coremod transformers
[30Dec2024 19:49:46.985] [main/DEBUG] [net.neoforged.fml.loading.FMLServiceProvider/CORE]: Not loading coremod script-engine since no mod requested it
[30Dec2024 19:49:46.986] [main/DEBUG] [net.neoforged.fml.util.ServiceLoaderUtil/CORE]: Found 1 implementations of ICoreMod:
[30Dec2024 19:49:46.987] [main/DEBUG] [net.neoforged.fml.util.ServiceLoaderUtil/CORE]: 	net.neoforged.neoforge.coremods.NeoForgeCoreMod from neoforge-21.1.92-universal.jar > neoforge-coremods-21.1.92.jar
[30Dec2024 19:49:46.992] [main/DEBUG] [net.neoforged.fml.loading.FMLServiceProvider/CORE]: Adding [Target[className=net.minecraft.world.level.biome.Biome, elementName=, elementDescriptor=, targetType=cpw.mods.modlauncher.api.TargetType@3d2ee678]] transformer from core-mod net.neoforged.neoforge.coremods.NeoForgeCoreMod@7068f7ca in neoforge-21.1.92-universal.jar > neoforge-coremods-21.1.92.jar
[30Dec2024 19:49:46.993] [main/DEBUG] [net.neoforged.fml.loading.FMLServiceProvider/CORE]: Adding [Target[className=net.minecraft.world.level.levelgen.structure.Structure, elementName=, elementDescriptor=, targetType=cpw.mods.modlauncher.api.TargetType@3d2ee678]] transformer from core-mod net.neoforged.neoforge.coremods.NeoForgeCoreMod@7068f7ca in neoforge-21.1.92-universal.jar > neoforge-coremods-21.1.92.jar
[30Dec2024 19:49:46.993] [main/DEBUG] [net.neoforged.fml.loading.FMLServiceProvider/CORE]: Adding [Target[className=net.minecraft.world.level.block.FlowerPotBlock, elementName=, elementDescriptor=, targetType=cpw.mods.modlauncher.api.TargetType@3d2ee678]] transformer from core-mod net.neoforged.neoforge.coremods.NeoForgeCoreMod@7068f7ca in neoforge-21.1.92-universal.jar > neoforge-coremods-21.1.92.jar
[30Dec2024 19:49:46.993] [main/DEBUG] [net.neoforged.fml.loading.FMLServiceProvider/CORE]: Adding [Target[className=net/minecraft/world/entity/monster/Evoker$EvokerSummonSpellGoal, elementName=, elementDescriptor=, targetType=cpw.mods.modlauncher.api.TargetType@3d2ee678], Target[className=net/minecraft/world/level/levelgen/structure/structures/OceanMonumentPieces$OceanMonumentPiece, elementName=, elementDescriptor=, targetType=cpw.mods.modlauncher.api.TargetType@3d2ee678], Target[className=net/minecraft/world/entity/animal/frog/Tadpole, elementName=, elementDescriptor=, targetType=cpw.mods.modlauncher.api.TargetType@3d2ee678], Target[className=net/minecraft/server/commands/RaidCommand, elementName=, elementDescriptor=, targetType=cpw.mods.modlauncher.api.TargetType@3d2ee678], Target[className=net/minecraft/world/entity/EntityType, elementName=, elementDescriptor=, targetType=cpw.mods.modlauncher.api.TargetType@3d2ee678], Target[className=net/minecraft/world/entity/animal/horse/SkeletonTrapGoal, elementName=, elementDescriptor=, targetType=cpw.mods.modlauncher.api.TargetType@3d2ee678], Target[className=net/minecraft/world/entity/monster/ZombieVillager, elementName=, elementDescriptor=, targetType=cpw.mods.modlauncher.api.TargetType@3d2ee678], Target[className=net/minecraft/world/level/NaturalSpawner, elementName=, elementDescriptor=, targetType=cpw.mods.modlauncher.api.TargetType@3d2ee678], Target[className=net/minecraft/world/entity/raid/Raid, elementName=, elementDescriptor=, targetType=cpw.mods.modlauncher.api.TargetType@3d2ee678], Target[className=net/minecraft/world/entity/monster/Zombie, elementName=, elementDescriptor=, targetType=cpw.mods.modlauncher.api.TargetType@3d2ee678], Target[className=net/minecraft/world/entity/monster/Spider, elementName=, elementDescriptor=, targetType=cpw.mods.modlauncher.api.TargetType@3d2ee678], Target[className=net/minecraft/server/commands/SummonCommand, elementName=, elementDescriptor=, targetType=cpw.mods.modlauncher.api.TargetType@3d2ee678], Target[className=net/minecraft/world/level/levelgen/structure/structures/WoodlandMansionPieces$WoodlandMansionPiece, elementName=, elementDescriptor=, targetType=cpw.mods.modlauncher.api.TargetType@3d2ee678], Target[className=net/minecraft/world/level/levelgen/PhantomSpawner, elementName=, elementDescriptor=, targetType=cpw.mods.modlauncher.api.TargetType@3d2ee678], Target[className=net/minecraft/world/entity/ai/village/VillageSiege, elementName=, elementDescriptor=, targetType=cpw.mods.modlauncher.api.TargetType@3d2ee678], Target[className=net/minecraft/world/entity/npc/CatSpawner, elementName=, elementDescriptor=, targetType=cpw.mods.modlauncher.api.TargetType@3d2ee678], Target[className=net/minecraft/world/entity/monster/Strider, elementName=, elementDescriptor=, targetType=cpw.mods.modlauncher.api.TargetType@3d2ee678], Target[className=net/minecraft/world/level/levelgen/structure/templatesystem/StructureTemplate, elementName=, elementDescriptor=, targetType=cpw.mods.modlauncher.api.TargetType@3d2ee678], Target[className=net/minecraft/world/entity/npc/Villager, elementName=, elementDescriptor=, targetType=cpw.mods.modlauncher.api.TargetType@3d2ee678], Target[className=net/minecraft/world/level/levelgen/structure/structures/SwampHutPiece, elementName=, elementDescriptor=, targetType=cpw.mods.modlauncher.api.TargetType@3d2ee678], Target[className=net/minecraft/world/level/levelgen/PatrolSpawner, elementName=, elementDescriptor=, targetType=cpw.mods.modlauncher.api.TargetType@3d2ee678], Target[className=net/minecraft/world/level/levelgen/structure/structures/OceanRuinPieces$OceanRuinPiece, elementName=, elementDescriptor=, targetType=cpw.mods.modlauncher.api.TargetType@3d2ee678]] transformer from core-mod net.neoforged.neoforge.coremods.NeoForgeCoreMod@7068f7ca in neoforge-21.1.92-universal.jar > neoforge-coremods-21.1.92.jar
[30Dec2024 19:49:46.995] [main/DEBUG] [cpw.mods.modlauncher.TransformStore/MODLAUNCHER]: Adding transformer net.neoforged.neoforge.coremods.ReplaceFieldWithGetterAccess@417d6615 to Target : cpw.mods.modlauncher.api.TargetType@3d2ee678 {Lnet/minecraft/world/level/biome/Biome;} {} {V}
[30Dec2024 19:49:46.996] [main/DEBUG] [cpw.mods.modlauncher.TransformStore/MODLAUNCHER]: Adding transformer net.neoforged.neoforge.coremods.ReplaceFieldWithGetterAccess@5ee34b1b to Target : cpw.mods.modlauncher.api.TargetType@3d2ee678 {Lnet/minecraft/world/level/levelgen/structure/Structure;} {} {V}
[30Dec2024 19:49:46.997] [main/DEBUG] [cpw.mods.modlauncher.TransformStore/MODLAUNCHER]: Adding transformer net.neoforged.neoforge.coremods.ReplaceFieldWithGetterAccess@3c89bb12 to Target : cpw.mods.modlauncher.api.TargetType@3d2ee678 {Lnet/minecraft/world/level/block/FlowerPotBlock;} {} {V}
[30Dec2024 19:49:47.005] [main/DEBUG] [cpw.mods.modlauncher.TransformStore/MODLAUNCHER]: Adding transformer net.neoforged.neoforge.coremods.MethodRedirector@48c4245d to Target : cpw.mods.modlauncher.api.TargetType@3d2ee678 {Lnet/minecraft/world/entity/monster/Evoker$EvokerSummonSpellGoal;} {} {V}
[30Dec2024 19:49:47.005] [main/DEBUG] [cpw.mods.modlauncher.TransformStore/MODLAUNCHER]: Adding transformer net.neoforged.neoforge.coremods.MethodRedirector@48c4245d to Target : cpw.mods.modlauncher.api.TargetType@3d2ee678 {Lnet/minecraft/world/level/levelgen/structure/structures/OceanMonumentPieces$OceanMonumentPiece;} {} {V}
[30Dec2024 19:49:47.005] [main/DEBUG] [cpw.mods.modlauncher.TransformStore/MODLAUNCHER]: Adding transformer net.neoforged.neoforge.coremods.MethodRedirector@48c4245d to Target : cpw.mods.modlauncher.api.TargetType@3d2ee678 {Lnet/minecraft/world/entity/animal/frog/Tadpole;} {} {V}
[30Dec2024 19:49:47.005] [main/DEBUG] [cpw.mods.modlauncher.TransformStore/MODLAUNCHER]: Adding transformer net.neoforged.neoforge.coremods.MethodRedirector@48c4245d to Target : cpw.mods.modlauncher.api.TargetType@3d2ee678 {Lnet/minecraft/server/commands/RaidCommand;} {} {V}
[30Dec2024 19:49:47.006] [main/DEBUG] [cpw.mods.modlauncher.TransformStore/MODLAUNCHER]: Adding transformer net.neoforged.neoforge.coremods.MethodRedirector@48c4245d to Target : cpw.mods.modlauncher.api.TargetType@3d2ee678 {Lnet/minecraft/world/entity/EntityType;} {} {V}
[30Dec2024 19:49:47.006] [main/DEBUG] [cpw.mods.modlauncher.TransformStore/MODLAUNCHER]: Adding transformer net.neoforged.neoforge.coremods.MethodRedirector@48c4245d to Target : cpw.mods.modlauncher.api.TargetType@3d2ee678 {Lnet/minecraft/world/entity/animal/horse/SkeletonTrapGoal;} {} {V}
[30Dec2024 19:49:47.006] [main/DEBUG] [cpw.mods.modlauncher.TransformStore/MODLAUNCHER]: Adding transformer net.neoforged.neoforge.coremods.MethodRedirector@48c4245d to Target : cpw.mods.modlauncher.api.TargetType@3d2ee678 {Lnet/minecraft/world/entity/monster/ZombieVillager;} {} {V}
[30Dec2024 19:49:47.006] [main/DEBUG] [cpw.mods.modlauncher.TransformStore/MODLAUNCHER]: Adding transformer net.neoforged.neoforge.coremods.MethodRedirector@48c4245d to Target : cpw.mods.modlauncher.api.TargetType@3d2ee678 {Lnet/minecraft/world/level/NaturalSpawner;} {} {V}
[30Dec2024 19:49:47.006] [main/DEBUG] [cpw.mods.modlauncher.TransformStore/MODLAUNCHER]: Adding transformer net.neoforged.neoforge.coremods.MethodRedirector@48c4245d to Target : cpw.mods.modlauncher.api.TargetType@3d2ee678 {Lnet/minecraft/world/entity/raid/Raid;} {} {V}
[30Dec2024 19:49:47.006] [main/DEBUG] [cpw.mods.modlauncher.TransformStore/MODLAUNCHER]: Adding transformer net.neoforged.neoforge.coremods.MethodRedirector@48c4245d to Target : cpw.mods.modlauncher.api.TargetType@3d2ee678 {Lnet/minecraft/world/entity/monster/Zombie;} {} {V}
[30Dec2024 19:49:47.006] [main/DEBUG] [cpw.mods.modlauncher.TransformStore/MODLAUNCHER]: Adding transformer net.neoforged.neoforge.coremods.MethodRedirector@48c4245d to Target : cpw.mods.modlauncher.api.TargetType@3d2ee678 {Lnet/minecraft/world/entity/monster/Spider;} {} {V}
[30Dec2024 19:49:47.006] [main/DEBUG] [cpw.mods.modlauncher.TransformStore/MODLAUNCHER]: Adding transformer net.neoforged.neoforge.coremods.MethodRedirector@48c4245d to Target : cpw.mods.modlauncher.api.TargetType@3d2ee678 {Lnet/minecraft/server/commands/SummonCommand;} {} {V}
[30Dec2024 19:49:47.006] [main/DEBUG] [cpw.mods.modlauncher.TransformStore/MODLAUNCHER]: Adding transformer net.neoforged.neoforge.coremods.MethodRedirector@48c4245d to Target : cpw.mods.modlauncher.api.TargetType@3d2ee678 {Lnet/minecraft/world/level/levelgen/structure/structures/WoodlandMansionPieces$WoodlandMansionPiece;} {} {V}
[30Dec2024 19:49:47.007] [main/DEBUG] [cpw.mods.modlauncher.TransformStore/MODLAUNCHER]: Adding transformer net.neoforged.neoforge.coremods.MethodRedirector@48c4245d to Target : cpw.mods.modlauncher.api.TargetType@3d2ee678 {Lnet/minecraft/world/level/levelgen/PhantomSpawner;} {} {V}
[30Dec2024 19:49:47.007] [main/DEBUG] [cpw.mods.modlauncher.TransformStore/MODLAUNCHER]: Adding transformer net.neoforged.neoforge.coremods.MethodRedirector@48c4245d to Target : cpw.mods.modlauncher.api.TargetType@3d2ee678 {Lnet/minecraft/world/entity/ai/village/VillageSiege;} {} {V}
[30Dec2024 19:49:47.007] [main/DEBUG] [cpw.mods.modlauncher.TransformStore/MODLAUNCHER]: Adding transformer net.neoforged.neoforge.coremods.MethodRedirector@48c4245d to Target : cpw.mods.modlauncher.api.TargetType@3d2ee678 {Lnet/minecraft/world/entity/npc/CatSpawner;} {} {V}
[30Dec2024 19:49:47.007] [main/DEBUG] [cpw.mods.modlauncher.TransformStore/MODLAUNCHER]: Adding transformer net.neoforged.neoforge.coremods.MethodRedirector@48c4245d to Target : cpw.mods.modlauncher.api.TargetType@3d2ee678 {Lnet/minecraft/world/entity/monster/Strider;} {} {V}
[30Dec2024 19:49:47.007] [main/DEBUG] [cpw.mods.modlauncher.TransformStore/MODLAUNCHER]: Adding transformer net.neoforged.neoforge.coremods.MethodRedirector@48c4245d to Target : cpw.mods.modlauncher.api.TargetType@3d2ee678 {Lnet/minecraft/world/level/levelgen/structure/templatesystem/StructureTemplate;} {} {V}
[30Dec2024 19:49:47.007] [main/DEBUG] [cpw.mods.modlauncher.TransformStore/MODLAUNCHER]: Adding transformer net.neoforged.neoforge.coremods.MethodRedirector@48c4245d to Target : cpw.mods.modlauncher.api.TargetType@3d2ee678 {Lnet/minecraft/world/entity/npc/Villager;} {} {V}
[30Dec2024 19:49:47.007] [main/DEBUG] [cpw.mods.modlauncher.TransformStore/MODLAUNCHER]: Adding transformer net.neoforged.neoforge.coremods.MethodRedirector@48c4245d to Target : cpw.mods.modlauncher.api.TargetType@3d2ee678 {Lnet/minecraft/world/level/levelgen/structure/structures/SwampHutPiece;} {} {V}
[30Dec2024 19:49:47.007] [main/DEBUG] [cpw.mods.modlauncher.TransformStore/MODLAUNCHER]: Adding transformer net.neoforged.neoforge.coremods.MethodRedirector@48c4245d to Target : cpw.mods.modlauncher.api.TargetType@3d2ee678 {Lnet/minecraft/world/level/levelgen/PatrolSpawner;} {} {V}
[30Dec2024 19:49:47.008] [main/DEBUG] [cpw.mods.modlauncher.TransformStore/MODLAUNCHER]: Adding transformer net.neoforged.neoforge.coremods.MethodRedirector@48c4245d to Target : cpw.mods.modlauncher.api.TargetType@3d2ee678 {Lnet/minecraft/world/level/levelgen/structure/structures/OceanRuinPieces$OceanRuinPiece;} {} {V}
[30Dec2024 19:49:47.008] [main/DEBUG] [cpw.mods.modlauncher.TransformationServiceDecorator/MODLAUNCHER]: Initialized transformers for transformation service fml
[30Dec2024 19:49:47.224] [main/DEBUG] [mixin/]: Processing prepare() for PlatformAgent[MixinPlatformAgentDefault:ModLauncher Root Container(ModLauncher:4f56a0a2)]
[30Dec2024 19:49:47.224] [main/DEBUG] [mixin/]: Processing prepare() for PlatformAgent[MixinPlatformAgentDefault:net.neoforged.fml.loading.mixin.FMLMixinContainerHandle@6ef81f31]
[30Dec2024 19:49:47.224] [main/DEBUG] [mixin/]: Processing prepare() for PlatformAgent[FMLMixinPlatformAgent:null]
[30Dec2024 19:49:47.325] [main/DEBUG] [mixin/]: Processing launch tasks for PlatformAgent[MixinPlatformAgentDefault:ModLauncher Root Container(ModLauncher:4f56a0a2)]
[30Dec2024 19:49:47.326] [main/DEBUG] [mixin/]: Adding mixin platform agents for container SecureJarResource(mixin_synthetic)
[30Dec2024 19:49:47.326] [main/DEBUG] [mixin/]: Instancing new MixinPlatformAgentMinecraftForge for SecureJarResource(mixin_synthetic)
[30Dec2024 19:49:47.326] [main/DEBUG] [mixin/]: MixinPlatformAgentMinecraftForge rejected container SecureJarResource(mixin_synthetic)
[30Dec2024 19:49:47.326] [main/DEBUG] [mixin/]: Instancing new MixinPlatformAgentDefault for SecureJarResource(mixin_synthetic)
[30Dec2024 19:49:47.326] [main/DEBUG] [mixin/]: MixinPlatformAgentDefault accepted container SecureJarResource(mixin_synthetic)
[30Dec2024 19:49:47.327] [main/DEBUG] [mixin/]: Instancing new FMLMixinPlatformAgent for SecureJarResource(mixin_synthetic)
[30Dec2024 19:49:47.327] [main/DEBUG] [mixin/]: FMLMixinPlatformAgent rejected container SecureJarResource(mixin_synthetic)
[30Dec2024 19:49:47.327] [main/DEBUG] [mixin/]: Processing prepare() for PlatformAgent[MixinPlatformAgentDefault:SecureJarResource(mixin_synthetic)]
[30Dec2024 19:49:47.327] [main/DEBUG] [mixin/]: Adding mixin platform agents for container SecureJarResource(minecraft)
[30Dec2024 19:49:47.327] [main/DEBUG] [mixin/]: Instancing new MixinPlatformAgentMinecraftForge for SecureJarResource(minecraft)
[30Dec2024 19:49:47.327] [main/DEBUG] [mixin/]: MixinPlatformAgentMinecraftForge rejected container SecureJarResource(minecraft)
[30Dec2024 19:49:47.327] [main/DEBUG] [mixin/]: Instancing new MixinPlatformAgentDefault for SecureJarResource(minecraft)
[30Dec2024 19:49:47.327] [main/DEBUG] [mixin/]: MixinPlatformAgentDefault accepted container SecureJarResource(minecraft)
[30Dec2024 19:49:47.328] [main/DEBUG] [mixin/]: Instancing new FMLMixinPlatformAgent for SecureJarResource(minecraft)
[30Dec2024 19:49:47.328] [main/DEBUG] [mixin/]: FMLMixinPlatformAgent rejected container SecureJarResource(minecraft)
[30Dec2024 19:49:47.328] [main/DEBUG] [mixin/]: Processing prepare() for PlatformAgent[MixinPlatformAgentDefault:SecureJarResource(minecraft)]
[30Dec2024 19:49:47.328] [main/DEBUG] [mixin/]: Adding mixin platform agents for container SecureJarResource(neoforge)
[30Dec2024 19:49:47.328] [main/DEBUG] [mixin/]: Instancing new MixinPlatformAgentMinecraftForge for SecureJarResource(neoforge)
[30Dec2024 19:49:47.328] [main/DEBUG] [mixin/]: MixinPlatformAgentMinecraftForge rejected container SecureJarResource(neoforge)
[30Dec2024 19:49:47.328] [main/DEBUG] [mixin/]: Instancing new MixinPlatformAgentDefault for SecureJarResource(neoforge)
[30Dec2024 19:49:47.328] [main/DEBUG] [mixin/]: MixinPlatformAgentDefault accepted container SecureJarResource(neoforge)
[30Dec2024 19:49:47.328] [main/DEBUG] [mixin/]: Instancing new FMLMixinPlatformAgent for SecureJarResource(neoforge)
[30Dec2024 19:49:47.329] [main/DEBUG] [mixin/]: FMLMixinPlatformAgent rejected container SecureJarResource(neoforge)
[30Dec2024 19:49:47.333] [main/DEBUG] [mixin/]: Processing prepare() for PlatformAgent[MixinPlatformAgentDefault:SecureJarResource(neoforge)]
[30Dec2024 19:49:47.333] [main/DEBUG] [mixin/]: Adding mixin platform agents for container SecureJarResource(mixinextras.neoforge)
[30Dec2024 19:49:47.333] [main/DEBUG] [mixin/]: Instancing new MixinPlatformAgentMinecraftForge for SecureJarResource(mixinextras.neoforge)
[30Dec2024 19:49:47.333] [main/DEBUG] [mixin/]: MixinPlatformAgentMinecraftForge rejected container SecureJarResource(mixinextras.neoforge)
[30Dec2024 19:49:47.333] [main/DEBUG] [mixin/]: Instancing new MixinPlatformAgentDefault for SecureJarResource(mixinextras.neoforge)
[30Dec2024 19:49:47.333] [main/DEBUG] [mixin/]: MixinPlatformAgentDefault accepted container SecureJarResource(mixinextras.neoforge)
[30Dec2024 19:49:47.333] [main/DEBUG] [mixin/]: Instancing new FMLMixinPlatformAgent for SecureJarResource(mixinextras.neoforge)
[30Dec2024 19:49:47.334] [main/DEBUG] [mixin/]: FMLMixinPlatformAgent rejected container SecureJarResource(mixinextras.neoforge)
[30Dec2024 19:49:47.334] [main/DEBUG] [mixin/]: Processing prepare() for PlatformAgent[MixinPlatformAgentDefault:SecureJarResource(mixinextras.neoforge)]
[30Dec2024 19:49:47.334] [main/DEBUG] [mixin/]: Registering mixin config: mixinextras.init.mixins.json source=SecureJarResource(mixinextras.neoforge)
[30Dec2024 19:49:47.336] [main/DEBUG] [mixin/]: inject() running with 6 agents
[30Dec2024 19:49:47.336] [main/DEBUG] [mixin/]: Processing inject() for PlatformAgent[MixinPlatformAgentDefault:ModLauncher Root Container(ModLauncher:4f56a0a2)]
[30Dec2024 19:49:47.336] [main/DEBUG] [mixin/]: Processing inject() for PlatformAgent[MixinPlatformAgentDefault:net.neoforged.fml.loading.mixin.FMLMixinContainerHandle@6ef81f31]
[30Dec2024 19:49:47.336] [main/DEBUG] [mixin/]: Processing inject() for PlatformAgent[FMLMixinPlatformAgent:null]
[30Dec2024 19:49:47.336] [main/DEBUG] [mixin/]: Processing inject() for PlatformAgent[MixinPlatformAgentDefault:SecureJarResource(mixin_synthetic)]
[30Dec2024 19:49:47.337] [main/DEBUG] [mixin/]: Processing inject() for PlatformAgent[MixinPlatformAgentDefault:SecureJarResource(minecraft)]
[30Dec2024 19:49:47.337] [main/DEBUG] [mixin/]: Processing inject() for PlatformAgent[MixinPlatformAgentDefault:SecureJarResource(neoforge)]
[30Dec2024 19:49:47.337] [main/DEBUG] [mixin/]: Processing inject() for PlatformAgent[MixinPlatformAgentDefault:SecureJarResource(mixinextras.neoforge)]
[30Dec2024 19:49:47.337] [main/INFO] [cpw.mods.modlauncher.LaunchServiceHandler/MODLAUNCHER]: Launching target 'forgeserver' with arguments []
[30Dec2024 19:49:47.408] [main/DEBUG] [mixin/]: Preparing mixins for MixinEnvironment[DEFAULT]
[30Dec2024 19:49:47.408] [main/DEBUG] [mixin/]: Selecting config neoforge.mixins.json
[30Dec2024 19:49:47.412] [main/DEBUG] [mixin/]: Selecting config mixinextras.init.mixins.json
[30Dec2024 19:49:47.500] [main/DEBUG] [MixinExtras|Service/]: com.llamalad7.mixinextras.service.MixinExtrasServiceImpl(version=0.4.1) is taking over from null
[30Dec2024 19:49:47.581] [main/DEBUG] [mixin/]: Registering new injector for @Inject with org.spongepowered.asm.mixin.injection.struct.CallbackInjectionInfo
[30Dec2024 19:49:47.583] [main/DEBUG] [mixin/]: Registering new injector for @ModifyArg with org.spongepowered.asm.mixin.injection.struct.ModifyArgInjectionInfo
[30Dec2024 19:49:47.584] [main/DEBUG] [mixin/]: Registering new injector for @ModifyArgs with org.spongepowered.asm.mixin.injection.struct.ModifyArgsInjectionInfo
[30Dec2024 19:49:47.586] [main/DEBUG] [mixin/]: Registering new injector for @Redirect with org.spongepowered.asm.mixin.injection.struct.RedirectInjectionInfo
[30Dec2024 19:49:47.587] [main/DEBUG] [mixin/]: Registering new injector for @ModifyVariable with org.spongepowered.asm.mixin.injection.struct.ModifyVariableInjectionInfo
[30Dec2024 19:49:47.589] [main/DEBUG] [mixin/]: Registering new injector for @ModifyConstant with org.spongepowered.asm.mixin.injection.struct.ModifyConstantInjectionInfo
[30Dec2024 19:49:47.600] [main/DEBUG] [mixin/]: Preparing neoforge.mixins.json (2)
[30Dec2024 19:49:47.628] [main/DEBUG] [net.neoforged.accesstransformer.AccessTransformer/AXFORM]: Transforming net.minecraft.world.level.block.entity.BlockEntityType INNERCLASS BlockEntitySupplier to access PUBLIC and LEAVE
[30Dec2024 19:49:47.672] [main/TRACE] [mixin/]: Added class metadata for net/minecraft/world/level/block/entity/BlockEntityType to metadata cache
[30Dec2024 19:49:47.706] [main/TRACE] [mixin/]: Added class metadata for net/minecraft/core/MappedRegistry to metadata cache
[30Dec2024 19:49:47.707] [main/DEBUG] [mixin/]: Preparing mixinextras.init.mixins.json (0)
[30Dec2024 19:49:47.762] [main/DEBUG] [mixin/]: Prepared 2 mixins in 0.304 sec (152.0ms avg) (0ms load, 0ms transform, 0ms plugin)
[30Dec2024 19:49:48.178] [main/DEBUG] [io.netty.util.internal.logging.InternalLoggerFactory/]: Using SLF4J as the default logging framework
[30Dec2024 19:49:48.197] [main/DEBUG] [io.netty.util.ResourceLeakDetector/]: -Dio.netty.leakDetection.level: simple
[30Dec2024 19:49:48.198] [main/DEBUG] [io.netty.util.ResourceLeakDetector/]: -Dio.netty.leakDetection.targetRecords: 4
[30Dec2024 19:49:48.555] [main/WARN] [net.minecraft.server.Eula/]: Failed to load eula.txt
[30Dec2024 19:49:48.583] [main/INFO] [net.minecraft.server.Main/]: You need to agree to the EULA in order to run the server. Go to eula.txt for more info.
