[10Jan2025 12:24:19.643] [Server thread/INFO] [net.minecraft.server.players.PlayerList/]: ccMax[/123.168.237.0:48662] logged in with entity id 52 at (639.7379581743126, 74.0, 520.4932244676136)
[10Jan2025 12:24:19.844] [Server thread/INFO] [net.minecraft.server.MinecraftServer/]: ccMax joined the game
[10Jan2025 12:24:22.059] [Server thread/WARN] [net.minecraft.server.MinecraftServer/]: Can't keep up! Is the server overloaded? Running 5046ms or 100 ticks behind
[10Jan2025 12:24:24.563] [Netty Epoll Server IO #1/INFO] [immersiveengineering/]: Recipes for potions: minecraft:water, minecraft:water_breathing, minecraft:long_night_vision, minecraft:strength, minecraft:turtle_master, minecraft:awkward, minecraft:long_fire_resistance, minecraft:long_slowness, minecraft:oozing, minecraft:long_invisibility, minecraft:regeneration, minecraft:wind_charged, minecraft:strong_swiftness, minecraft:leaping, minecraft:infested, minecraft:long_leaping, minecraft:long_strength, minecraft:poison, minecraft:night_vision, minecraft:harming, minecraft:strong_poison, minecraft:slow_falling, minecraft:strong_slowness, minecraft:long_swiftness, minecraft:strong_harming, minecraft:long_slow_falling, minecraft:strong_leaping, minecraft:long_turtle_master, minecraft:weakness, minecraft:strong_turtle_master, minecraft:weaving, minecraft:invisibility, minecraft:long_regeneration, minecraft:long_weakness, minecraft:strong_strength, minecraft:slowness, minecraft:fire_resistance, minecraft:strong_regeneration, minecraft:long_water_breathing, minecraft:long_poison, minecraft:strong_healing, minecraft:swiftness, minecraft:healing
[10Jan2025 12:24:52.977] [Server thread/INFO] [net.minecraft.server.network.ServerGamePacketListenerImpl/]: ccMax lost connection: Timed out
[10Jan2025 12:24:52.983] [Server thread/INFO] [net.minecraft.server.MinecraftServer/]: ccMax left the game
[10Jan2025 12:25:32.458] [Server thread/INFO] [net.minecraft.server.players.PlayerList/]: ccMax[/123.168.237.0:62583] logged in with entity id 220 at (639.7379581743126, 74.0, 520.4932244676136)
[10Jan2025 12:25:32.510] [Server thread/INFO] [net.minecraft.server.MinecraftServer/]: ccMax joined the game
[10Jan2025 12:26:38.995] [Server thread/ERROR] [net.neoforged.fml.common.asm.RuntimeDistCleaner/DISTXFORM]: Attempted to load class net/neoforged/neoforge/client/event/ScreenEvent for invalid dist DEDICATED_SERVER
[10Jan2025 12:26:38.996] [Server thread/ERROR] [net.minecraft.network.protocol.game.ServerPacketListener/]: Failed to handle packet net.minecraft.network.protocol.game.ServerboundUseItemOnPacket@f094c6e, suppressing error
java.lang.RuntimeException: Attempted to load class net/neoforged/neoforge/client/event/ScreenEvent for invalid dist DEDICATED_SERVER
	at MC-BOOTSTRAP/fml_loader@4.0.34/net.neoforged.fml.common.asm.RuntimeDistCleaner.processClassWithFlags(RuntimeDistCleaner.java:60) ~[loader-4.0.34.jar%2360!/:4.0]
	at MC-BOOTSTRAP/cpw.mods.modlauncher@11.0.4/cpw.mods.modlauncher.LaunchPluginHandler.offerClassNodeToPlugins(LaunchPluginHandler.java:94) ~[modlauncher-11.0.4.jar%2362!/:?]
	at MC-BOOTSTRAP/cpw.mods.modlauncher@11.0.4/cpw.mods.modlauncher.ClassTransformer.transform(ClassTransformer.java:120) ~[modlauncher-11.0.4.jar%2362!/:?]
	at MC-BOOTSTRAP/cpw.mods.modlauncher@11.0.4/cpw.mods.modlauncher.TransformingClassLoader.maybeTransformClassBytes(TransformingClassLoader.java:57) ~[modlauncher-11.0.4.jar%2362!/:?]
	at cpw.mods.securejarhandler/cpw.mods.cl.ModuleClassLoader.readerToClass(ModuleClassLoader.java:190) ~[securejarhandler-3.0.8.jar:?]
	at cpw.mods.securejarhandler/cpw.mods.cl.ModuleClassLoader.lambda$findClass$20(ModuleClassLoader.java:298) ~[securejarhandler-3.0.8.jar:?]
	at cpw.mods.securejarhandler/cpw.mods.cl.ModuleClassLoader.loadFromModule(ModuleClassLoader.java:311) ~[securejarhandler-3.0.8.jar:?]
	at cpw.mods.securejarhandler/cpw.mods.cl.ModuleClassLoader.findClass(ModuleClassLoader.java:298) ~[securejarhandler-3.0.8.jar:?]
	at cpw.mods.securejarhandler/cpw.mods.cl.ModuleClassLoader.loadClass(ModuleClassLoader.java:214) ~[securejarhandler-3.0.8.jar:?]
	at java.base/java.lang.ClassLoader.loadClass(ClassLoader.java:526) ~[?:?]
	at java.base/java.lang.ClassLoader.defineClass1(Native Method) ~[?:?]
	at java.base/java.lang.ClassLoader.defineClass(ClassLoader.java:1027) ~[?:?]
	at cpw.mods.securejarhandler/cpw.mods.cl.ModuleClassLoader.readerToClass(ModuleClassLoader.java:196) ~[securejarhandler-3.0.8.jar:?]
	at cpw.mods.securejarhandler/cpw.mods.cl.ModuleClassLoader.lambda$findClass$20(ModuleClassLoader.java:298) ~[securejarhandler-3.0.8.jar:?]
	at cpw.mods.securejarhandler/cpw.mods.cl.ModuleClassLoader.loadFromModule(ModuleClassLoader.java:311) ~[securejarhandler-3.0.8.jar:?]
	at cpw.mods.securejarhandler/cpw.mods.cl.ModuleClassLoader.findClass(ModuleClassLoader.java:298) ~[securejarhandler-3.0.8.jar:?]
	at cpw.mods.securejarhandler/cpw.mods.cl.ModuleClassLoader.loadClass(ModuleClassLoader.java:214) ~[securejarhandler-3.0.8.jar:?]
	at java.base/java.lang.ClassLoader.loadClass(ClassLoader.java:526) ~[?:?]
	at TRANSFORMER/ldlib@1.0.27.b/com.lowdragmc.lowdraglib.gui.factory.UIFactory.openUI(UIFactory.java:61) ~[ldlib-neoforge-1.21.1-1.0.27.b.jar%23187!/:?]
	at TRANSFORMER/gtceu@1.4.4/com.gregtechceu.gtceu.api.machine.feature.IUIMachine.tryToOpenUI(IUIMachine.java:28) ~[gtceu-1.21.1-1.4.4.jar%23159!/:?]
	at TRANSFORMER/gtceu@1.4.4/com.gregtechceu.gtceu.api.block.MetaMachineBlock.useItemOn(MetaMachineBlock.java:325) ~[gtceu-1.21.1-1.4.4.jar%23159!/:?]
	at TRANSFORMER/minecraft@1.21.1/net.minecraft.world.level.block.state.BlockBehaviour$BlockStateBase.useItemOn(MixinBlockStateBase.java:753) ~[server-1.21.1-20240808.144430-srg.jar%23144!/:?]
	at TRANSFORMER/minecraft@1.21.1/net.minecraft.server.level.ServerPlayerGameMode.useItemOn(ServerPlayerGameMode.java:363) ~[server-1.21.1-20240808.144430-srg.jar%23144!/:?]
	at TRANSFORMER/minecraft@1.21.1/net.minecraft.server.network.ServerGamePacketListenerImpl.handleUseItemOn(ServerGamePacketListenerImpl.java:1122) ~[server-1.21.1-20240808.144430-srg.jar%23144!/:?]
	at TRANSFORMER/minecraft@1.21.1/net.minecraft.network.protocol.game.ServerboundUseItemOnPacket.handle(ServerboundUseItemOnPacket.java:42) ~[server-1.21.1-20240808.144430-srg.jar%23144!/:?]
	at TRANSFORMER/minecraft@1.21.1/net.minecraft.network.protocol.game.ServerboundUseItemOnPacket.handle(ServerboundUseItemOnPacket.java:10) ~[server-1.21.1-20240808.144430-srg.jar%23144!/:?]
	at TRANSFORMER/minecraft@1.21.1/net.minecraft.network.protocol.PacketUtils.lambda$ensureRunningOnSameThread$0(PacketUtils.java:27) ~[server-1.21.1-20240808.144430-srg.jar%23144!/:?]
	at TRANSFORMER/minecraft@1.21.1/net.minecraft.server.TickTask.run(TickTask.java:18) ~[server-1.21.1-20240808.144430-srg.jar%23144!/:?]
	at TRANSFORMER/minecraft@1.21.1/net.minecraft.util.thread.BlockableEventLoop.doRunTask(BlockableEventLoop.java:148) ~[server-1.21.1-20240808.144430-srg.jar%23144!/:?]
	at TRANSFORMER/minecraft@1.21.1/net.minecraft.util.thread.ReentrantBlockableEventLoop.doRunTask(ReentrantBlockableEventLoop.java:23) ~[server-1.21.1-20240808.144430-srg.jar%23144!/:?]
	at TRANSFORMER/minecraft@1.21.1/net.minecraft.server.MinecraftServer.doRunTask(MinecraftServer.java:872) ~[server-1.21.1-20240808.144430-srg.jar%23144!/:?]
	at TRANSFORMER/minecraft@1.21.1/net.minecraft.server.MinecraftServer.doRunTask(MinecraftServer.java:170) ~[server-1.21.1-20240808.144430-srg.jar%23144!/:?]
	at TRANSFORMER/minecraft@1.21.1/net.minecraft.util.thread.BlockableEventLoop.pollTask(BlockableEventLoop.java:122) ~[server-1.21.1-20240808.144430-srg.jar%23144!/:?]
	at TRANSFORMER/minecraft@1.21.1/net.minecraft.server.MinecraftServer.pollTaskInternal(MinecraftServer.java:855) ~[server-1.21.1-20240808.144430-srg.jar%23144!/:?]
	at TRANSFORMER/minecraft@1.21.1/net.minecraft.server.MinecraftServer.pollTask(MinecraftServer.java:849) ~[server-1.21.1-20240808.144430-srg.jar%23144!/:?]
	at TRANSFORMER/minecraft@1.21.1/net.minecraft.util.thread.BlockableEventLoop.managedBlock(BlockableEventLoop.java:132) ~[server-1.21.1-20240808.144430-srg.jar%23144!/:?]
	at TRANSFORMER/minecraft@1.21.1/net.minecraft.server.MinecraftServer.managedBlock(MinecraftServer.java:821) ~[server-1.21.1-20240808.144430-srg.jar%23144!/:?]
	at TRANSFORMER/minecraft@1.21.1/net.minecraft.server.MinecraftServer.waitUntilNextTick(MinecraftServer.java:826) ~[server-1.21.1-20240808.144430-srg.jar%23144!/:?]
	at TRANSFORMER/minecraft@1.21.1/net.minecraft.server.MinecraftServer.runServer(MinecraftServer.java:712) ~[server-1.21.1-20240808.144430-srg.jar%23144!/:?]
	at TRANSFORMER/minecraft@1.21.1/net.minecraft.server.MinecraftServer.lambda$spin$2(MinecraftServer.java:267) ~[server-1.21.1-20240808.144430-srg.jar%23144!/:?]
	at java.base/java.lang.Thread.run(Thread.java:1583) [?:?]
[10Jan2025 12:27:16.795] [Server thread/INFO] [net.minecraft.server.MinecraftServer/]: [ccMax: Set own game mode to Creative Mode]
[10Jan2025 12:50:05.770] [Server thread/INFO] [net.minecraft.server.network.ServerGamePacketListenerImpl/]: ccMax lost connection: Disconnected
[10Jan2025 12:50:05.771] [Server thread/INFO] [net.minecraft.server.MinecraftServer/]: ccMax left the game
[10Jan2025 13:11:52.953] [Server thread/INFO] [net.minecraft.server.players.PlayerList/]: ccMax[/123.168.237.0:46997] logged in with entity id 2742 at (606.2904010358782, 73.77752413959097, 561.1319092619797)
[10Jan2025 13:11:53.050] [Server thread/INFO] [net.minecraft.server.MinecraftServer/]: ccMax joined the game
[10Jan2025 13:12:23.071] [Server thread/INFO] [net.minecraft.server.network.ServerGamePacketListenerImpl/]: ccMax lost connection: Timed out
[10Jan2025 13:12:23.072] [Server thread/INFO] [net.minecraft.server.MinecraftServer/]: ccMax left the game
[10Jan2025 13:12:46.126] [Server thread/INFO] [net.minecraft.server.players.PlayerList/]: ccMax[/123.168.237.0:57293] logged in with entity id 2918 at (606.2904010358782, 73.77752413959097, 561.1319092619797)
[10Jan2025 13:12:46.183] [Server thread/INFO] [net.minecraft.server.MinecraftServer/]: ccMax joined the game
[10Jan2025 13:14:12.271] [Server thread/INFO] [net.minecraft.server.network.ServerGamePacketListenerImpl/]: ccMax lost connection: Disconnected
[10Jan2025 13:14:12.272] [Server thread/INFO] [net.minecraft.server.MinecraftServer/]: ccMax left the game
